C51 COMPILER V9.60.7.0   IO_MODE                                                           12/07/2023 10:36:35 PAGE 1   


C51 COMPILER V9.60.7.0, COMPILATION OF MODULE IO_MODE
OBJECT MODULE PLACED IN IO_Mode.OBJ
COMPILER INVOKED BY: D:\Keil_v5\C51\BIN\C51.EXE IO_Mode.c OPTIMIZE(8,SPEED) BROWSE DEBUG OBJECTEXTEND TABS(2)

line level    source

   1          /*---------------------------------------------------------------------*/
   2          /* --- STC MCU Limited ------------------------------------------------*/
   3          /* --- STC 1T Series MCU Demo Programme -------------------------------*/
   4          /* --- Mobile: (86)13922805190 ----------------------------------------*/
   5          /* --- Fax: 86-0513-55012956,55012947,55012969 ------------------------*/
   6          /* --- Tel: 86-0513-55012928,55012929,55012966 ------------------------*/
   7          /* --- Web: www.STCAI.com ---------------------------------------------*/
   8          /* --- Web: www.STCMCUDATA.com  ---------------------------------------*/
   9          /* --- BBS: www.STCAIMCU.com  -----------------------------------------*/
  10          /* --- QQ:  800003751 -------------------------------------------------*/
  11          /* 如果要在程序中使用此代码,请在程序中注明使用了STC的资料及程序        */
  12          /*---------------------------------------------------------------------*/
  13          
  14          
  15          /*************  功能说明    **************
  16          
  17          本例程基于STC8H8K64U为主控芯片的实验箱进行编写测试，STC8G、STC8H系列芯片可通用参考.
  18          
  19          单纯的IO口初始化，端口模式配置参考程序.
  20          
  21          ******************************************/
  22          
  23          #include "stc8h.h"       //包含此头文件后，不需要再包含"reg51.h"头文件
  24          
  25          void main()
  26          {
  27   1          P0M0 = 0x00;                                //设置P0.0~P0.7为双向口模式
  28   1          P0M1 = 0x00;
  29   1      
  30   1          P1M0 = 0xff;                                //设置P1.0~P1.7为推挽输出模式
  31   1          P1M1 = 0x00;
  32   1      //    P1M0 = 0xf0;                                //设置P1.4~P1.7为推挽输出模式，设置P1.0~P0.3为双向口模式
  33   1      //    P1M1 = 0x00;
  34   1      
  35   1          P2M0 = 0x00;                                //设置P2.0~P2.7为高阻输入模式
  36   1          P2M1 = 0xff;
  37   1      //    P2M0 = 0x00;                                //设置P2.0~P2.3为高阻输入模式，设置P2.4~P2.7为双向口模式
  38   1      //    P2M1 = 0x0f;
  39   1      
  40   1          P3M0 = 0xff;                                //设置P3.0~P3.7为开漏模式
  41   1          P3M1 = 0xff;
  42   1      //    P3M0 = 0x0f;                                //设置P3.0~P3.3为开漏模式，设置P3.4~P3.7为高阻输入模式
  43   1      //    P3M1 = 0xff;
  44   1      
  45   1          while (1);
  46   1      }
  47          


MODULE INFORMATION:   STATIC OVERLAYABLE
   CODE SIZE        =     23    ----
   CONSTANT SIZE    =   ----    ----
   XDATA SIZE       =   ----    ----
   PDATA SIZE       =   ----    ----
   DATA SIZE        =   ----    ----
C51 COMPILER V9.60.7.0   IO_MODE                                                           12/07/2023 10:36:35 PAGE 2   

   IDATA SIZE       =   ----    ----
   BIT SIZE         =   ----    ----
END OF MODULE INFORMATION.


C51 COMPILATION COMPLETE.  0 WARNING(S),  0 ERROR(S)
