C51 COMPILER V9.60.7.0   GPIO                                                              12/04/2023 16:04:57 PAGE 1   


C51 COMPILER V9.60.7.0, COMPILATION OF MODULE GPIO
OBJECT MODULE PLACED IN .\Objects\Gpio.obj
COMPILER INVOKED BY: D:\Keil_v5\C51\BIN\C51.EXE Driver\Gpio.c OPTIMIZE(8,SPEED) BROWSE INCDIR(.\Driver;.\User) DEBUG OBJ
                    -ECTEXTEND PRINT(.\Listings\Gpio.lst) TABS(2) OBJECT(.\Objects\Gpio.obj)

line level    source

   1          #include "main.h"
   2          #include "Gpio.h"
   3          void Gpio_init(void){
   4   1          P0M0 = 0x00;                                //设置P0.0~P0.7为双向口模式
   5   1          P0M1 = 0x00;
   6   1      
   7   1          P1M0 = 0x00;                          
   8   1          P1M1 = 0x00;
   9   1      //    P1M0 = 0xf0;                                //设置P1.4~P1.7为推挽输出模式，设置P1.0~P0.3为双向口模式
  10   1      //    P1M1 = 0x00;
  11   1      
  12   1          P2M0 = 0x00;                                //设置P2.0~P2.7为高阻输入模式
  13   1          P2M1 = 0x00;
  14   1      //    P2M0 = 0x00;                                //设置P2.0~P2.3为高阻输入模式，设置P2.4~P2.7为双向口模式
  15   1      //    P2M1 = 0x0f;
  16   1      
  17   1          P3M0 = 0x00;                                
  18   1          P3M1 = 0x00;
  19   1      //    P3M0 = 0x0f;                                //设置P3.0~P3.3为开漏模式，设置P3.4~P3.7为高阻输入模式
  20   1      //    P3M1 = 0xff;
  21   1      } 


MODULE INFORMATION:   STATIC OVERLAYABLE
   CODE SIZE        =     18    ----
   CONSTANT SIZE    =   ----    ----
   XDATA SIZE       =   ----    ----
   PDATA SIZE       =   ----    ----
   DATA SIZE        =   ----    ----
   IDATA SIZE       =   ----    ----
   BIT SIZE         =   ----    ----
END OF MODULE INFORMATION.


C51 COMPILATION COMPLETE.  0 WARNING(S),  0 ERROR(S)
