C51 COMPILER V9.60.7.0   TIMER                                                             12/14/2023 11:53:02 PAGE 1   


C51 COMPILER V9.60.7.0, COMPILATION OF MODULE TIMER
OBJECT MODULE PLACED IN .\Objects\Timer.obj
COMPILER INVOKED BY: D:\Keil_v5\C51\BIN\C51.EXE User\Timer.c LARGE WARNINGLEVEL(1) OPTIMIZE(8,SPEED) BROWSE INCDIR(.\Dri
                    -ver;.\User) DEBUG OBJECTEXTEND PRINT(.\Listings\Timer.lst) TABS(2) OBJECT(.\Objects\Timer.obj)

line level    source

   1          #include "Timer.h"
   2          
   3          
   4          
   5          
   6          //定时器2初始化,
   7          #define ET2 0x04
   8          void    Timer2_init(void) //1ns @24Mhz
   9          {
  10   1        AUXR &= 0xFB;   //定时器时钟12T模式
  11   1        T2L = 0x30;   //设置定时初始值
  12   1        T2H = 0xF8;   //设置定时初始值
  13   1        AUXR |= 0x10;   //定时器2开始计时
  14   1        
  15   1        IE2  |=  ET2;       //允许中断
  16   1        EA = 1;//使能中断
  17   1      } 
  18          
  19          #define ET3 0x20
  20          //定时器3初始化用于按键
  21          void Timer3Init(void)   //10毫秒@24.000MHz
  22          {
  23   1        T4T3M &= 0xFD;    //定时器时钟12T模式
  24   1        T3L = 0xE0;   //设置定时初始值
  25   1        T3H = 0xB1;   //设置定时初始值
  26   1        IE2  |=  ET3;       //允许中断
  27   1        T4T3M |= 0x08;    //定时器3开始计时
  28   1      }
  29          
  30          


MODULE INFORMATION:   STATIC OVERLAYABLE
   CODE SIZE        =     34    ----
   CONSTANT SIZE    =   ----    ----
   XDATA SIZE       =   ----    ----
   PDATA SIZE       =   ----    ----
   DATA SIZE        =   ----    ----
   IDATA SIZE       =   ----    ----
   BIT SIZE         =   ----    ----
END OF MODULE INFORMATION.


C51 COMPILATION COMPLETE.  0 WARNING(S),  0 ERROR(S)
