C51 COMPILER V9.60.7.0   WS2812B                                                           12/13/2023 12:07:39 PAGE 1   


C51 COMPILER V9.60.7.0, COMPILATION OF MODULE WS2812B
OBJECT MODULE PLACED IN .\Objects\ws2812b.obj
COMPILER INVOKED BY: D:\Keil_v5\C51\BIN\C51.EXE Driver\ws2812b.c LARGE WARNINGLEVEL(1) OPTIMIZE(8,SPEED) BROWSE INCDIR(.
                    -\Driver;.\User) DEBUG OBJECTEXTEND PRINT(.\Listings\ws2812b.lst) TABS(2) OBJECT(.\Objects\ws2812b.obj)

line level    source

   1          #include "ws2812b.h"
   2          
   3          
   4          void Delayus(int a)   //@24.000MHz
   5          {
   6   1        unsigned char i;
   7   1        while(a--)
   8   1          {
   9   2        i = 6;
  10   2        while (--i);
  11   2        }
  12   1      }
  13          
  14          void WS_SendData(uchar *_data)
  15          {
  16   1          uchar i = 0;
  17   1          uchar j = 0;
  18   1          uchar *p = (uchar*)_data;
  19   1        
  20   1          EA = 0;
  21   1          for (i = 0; i < 3; i++)
  22   1          {
  23   2              uchar tmpData;
  24   2              tmpData = *(p++);
  25   2              for (j = 0; j < 8; j++)
  26   2              {
  27   3                  if (((tmpData>>(7-j)) & 0x01) == 0)
  28   3                  {
  29   4                      LED = 1;
  30   4                      _nop_();_nop_();_nop_();_nop_();_nop_();_nop_(); _nop_(); _nop_();
  31   4                      LED = 0;
  32   4                      Delayus(1);      
  33   4                  }
  34   3                  else
  35   3                  {
  36   4                      LED = 1;
  37   4                      Delayus(1); 
  38   4                      LED = 0;
  39   4                      _nop_();_nop_();_nop_(); _nop_();_nop_();_nop_();_nop_(); _nop_();
  40   4                  }
  41   3              }
  42   2          }
  43   1          EA = 1;
  44   1      
  45   1          
  46   1      }
  47          void Delay60us()    //@24.000MHz
  48          {
  49   1        unsigned char i, j;
  50   1      
  51   1        _nop_();
  52   1        i = 2;
  53   1        j = 220;
  54   1        do
C51 COMPILER V9.60.7.0   WS2812B                                                           12/13/2023 12:07:39 PAGE 2   

  55   1        {
  56   2          while (--j);
  57   2        } while (--i);
  58   1      }
  59          void Delay280us()   //@24.000MHz
  60          {
  61   1        unsigned char i, j;
  62   1      
  63   1        _nop_();
  64   1        _nop_();
  65   1        i = 9;
  66   1        j = 183;
  67   1        do
  68   1        {
  69   2          while (--j);
  70   2        } while (--i);
  71   1      }
  72          
  73          void Send_offled(void)
  74          {
  75   1        char OFFValue = {0,0,0};
  76   1        WS_SendData(&OFFValue); 
  77   1      
  78   1        LED = 0;
  79   1        
  80   1        Delay280us();
  81   1      }


MODULE INFORMATION:   STATIC OVERLAYABLE
   CODE SIZE        =    189    ----
   CONSTANT SIZE    =   ----    ----
   XDATA SIZE       =   ----       6
   PDATA SIZE       =   ----    ----
   DATA SIZE        =   ----    ----
   IDATA SIZE       =   ----    ----
   BIT SIZE         =   ----    ----
END OF MODULE INFORMATION.


C51 COMPILATION COMPLETE.  0 WARNING(S),  0 ERROR(S)
